c:\users\t.student\desktop\donkey_kong\donkey_kong\debug\vc142.pdb
c:\users\t.student\desktop\donkey_kong\donkey_kong\debug\vc142.idb
c:\users\t.student\desktop\donkey_kong\donkey_kong\debug\platform.obj
c:\users\t.student\desktop\donkey_kong\donkey_kong\debug\mario.obj
c:\users\t.student\desktop\donkey_kong\donkey_kong\debug\donkey_kong.obj
c:\users\t.student\desktop\donkey_kong\donkey_kong\debug\donkey_kong.res
c:\users\t.student\desktop\donkey_kong\debug\donkey_kong.pdb
c:\users\t.student\desktop\donkey_kong\donkey_kong\debug\donkey_kong.tlog\cl.command.1.tlog
c:\users\t.student\desktop\donkey_kong\donkey_kong\debug\donkey_kong.tlog\cl.read.1.tlog
c:\users\t.student\desktop\donkey_kong\donkey_kong\debug\donkey_kong.tlog\cl.write.1.tlog
c:\users\t.student\desktop\donkey_kong\donkey_kong\debug\donkey_kong.tlog\link-cvtres.read.1.tlog
c:\users\t.student\desktop\donkey_kong\donkey_kong\debug\donkey_kong.tlog\link-cvtres.write.1.tlog
c:\users\t.student\desktop\donkey_kong\donkey_kong\debug\donkey_kong.tlog\link-rc.read.1.tlog
c:\users\t.student\desktop\donkey_kong\donkey_kong\debug\donkey_kong.tlog\link-rc.write.1.tlog
c:\users\t.student\desktop\donkey_kong\donkey_kong\debug\donkey_kong.tlog\link.command.1.tlog
c:\users\t.student\desktop\donkey_kong\donkey_kong\debug\donkey_kong.tlog\link.read.1.tlog
c:\users\t.student\desktop\donkey_kong\donkey_kong\debug\donkey_kong.tlog\link.write.1.tlog
c:\users\t.student\desktop\donkey_kong\donkey_kong\debug\donkey_kong.tlog\rc.command.1.tlog
c:\users\t.student\desktop\donkey_kong\donkey_kong\debug\donkey_kong.tlog\rc.read.1.tlog
c:\users\t.student\desktop\donkey_kong\donkey_kong\debug\donkey_kong.tlog\rc.write.1.tlog
